<?xml version="1.0" encoding="utf-8"?><testsuites name="pytest tests"><testsuite name="pytest" errors="0" failures="0" skipped="0" tests="11" time="7.737" timestamp="2026-07-19T18:57:52.335418+00:00" hostname="agent-env-8c614b59-f17d-4565-b96f-9b628e0fa2c6"><testcase classname="backend.tests.test_iter32_zones_wind" name="test_zones_radius_20_returns_25" time="0.912" /><testcase classname="backend.tests.test_iter32_zones_wind" name="test_zones_radius_60_returns_25" time="0.563" /><testcase classname="backend.tests.test_iter32_zones_wind" name="test_zones_no_cache_fetched_at_changes" time="2.646" /><testcase classname="backend.tests.test_iter32_zones_wind" name="test_wind_grid_25_arrows_live" time="0.559" /><testcase classname="backend.tests.test_iter32_zones_wind" name="test_severe_48h" time="0.633" /><testcase classname="backend.tests.test_iter32_zones_wind" name="test_weather_endpoints[/api/weather/current]" time="0.585" /><testcase classname="backend.tests.test_iter32_zones_wind" name="test_weather_endpoints[/api/weather/forecast]" time="0.563" /><testcase classname="backend.tests.test_iter32_zones_wind" name="test_weather_endpoints[/api/weather/history]" time="0.551" /><testcase classname="backend.tests.test_iter32_zones_wind" name="test_weather_endpoints[/api/weather/history-days]" time="0.555" /><testcase classname="backend.tests.test_iter32_zones_wind" name="test_severe_grid_cape" time="0.049" /><testcase classname="backend.tests.test_iter32_zones_wind" name="test_severe_grid_status" time="0.045" /></testsuite></testsuites>