<?xml version="1.0" encoding="utf-8"?><testsuites name="pytest tests"><testsuite name="pytest" errors="0" failures="0" skipped="0" tests="64" time="29.956" timestamp="2026-04-19T19:08:11.257191+00:00" hostname="agent-env-8c614b59-f17d-4565-b96f-9b628e0fa2c6"><testcase classname="backend.tests.test_storm_tracker.TestServiceInfo" name="test_root_returns_service_info" time="0.254" /><testcase classname="backend.tests.test_storm_tracker.TestWeatherEndpoints" name="test_current_weather" time="0.646" /><testcase classname="backend.tests.test_storm_tracker.TestWeatherEndpoints" name="test_forecast" time="0.629" /><testcase classname="backend.tests.test_storm_tracker.TestWeatherEndpoints" name="test_history" time="0.660" /><testcase classname="backend.tests.test_storm_tracker.TestWeatherEndpoints" name="test_storm_zones" time="0.627" /><testcase classname="backend.tests.test_storm_tracker.TestAuthEndpoints" name="test_register_new_user" time="0.403" /><testcase classname="backend.tests.test_storm_tracker.TestAuthEndpoints" name="test_register_duplicate_email" time="0.477" /><testcase classname="backend.tests.test_storm_tracker.TestAuthEndpoints" name="test_login_valid_credentials" time="0.744" /><testcase classname="backend.tests.test_storm_tracker.TestAuthEndpoints" name="test_login_invalid_credentials" time="0.121" /><testcase classname="backend.tests.test_storm_tracker.TestAuthEndpoints" name="test_me_without_token" time="0.105" /><testcase classname="backend.tests.test_storm_tracker.TestAuthEndpoints" name="test_me_with_token" time="0.466" /><testcase classname="backend.tests.test_storm_tracker.TestFavoritesEndpoints" name="test_favorites_without_auth" time="0.118" /><testcase classname="backend.tests.test_storm_tracker.TestFavoritesEndpoints" name="test_create_favorite" time="0.466" /><testcase classname="backend.tests.test_storm_tracker.TestFavoritesEndpoints" name="test_list_favorites" time="0.651" /><testcase classname="backend.tests.test_storm_tracker.TestFavoritesEndpoints" name="test_delete_favorite" time="0.695" /><testcase classname="backend.tests.test_storm_tracker.TestFavoritesEndpoints" name="test_delete_nonexistent_favorite" time="0.463" /><testcase classname="backend.tests.test_storm_tracker.TestPreCreatedTestUser" name="test_login_test_user" time="0.334" /><testcase classname="backend.tests.test_storm_tracker.TestHistoryDaysEndpoint" name="test_history_days_default_7" time="0.651" /><testcase classname="backend.tests.test_storm_tracker.TestHistoryDaysEndpoint" name="test_history_days_14" time="0.677" /><testcase classname="backend.tests.test_storm_tracker.TestHistoryDaysEndpoint" name="test_history_days_clamps_invalid" time="2.125" /><testcase classname="backend.tests.test_storm_tracker.TestPushEndpoints" name="test_vapid_public_key" time="0.135" /><testcase classname="backend.tests.test_storm_tracker.TestPushEndpoints" name="test_push_subscribe_idempotent" time="0.362" /><testcase classname="backend.tests.test_storm_tracker.TestPushEndpoints" name="test_push_unsubscribe" time="0.369" /><testcase classname="backend.tests.test_storm_tracker.TestPushEndpoints" name="test_push_test_requires_auth" time="0.112" /><testcase classname="backend.tests.test_storm_tracker.TestPushEndpoints" name="test_push_test_with_auth" time="0.455" /><testcase classname="backend.tests.test_storm_tracker.TestPDFBulletin" name="test_bulletin_pdf_returns_pdf" time="0.114" /><testcase classname="backend.tests.test_storm_tracker.TestStormZonesRadiusVariations" name="test_zones_radius_20_returns_25_zones" time="1.112" /><testcase classname="backend.tests.test_storm_tracker.TestStormZonesRadiusVariations" name="test_zones_radius_30_returns_more_zones" time="1.661" /><testcase classname="backend.tests.test_storm_tracker.TestStormZonesRadiusVariations" name="test_zones_radius_70_returns_45_zones" time="1.629" /><testcase classname="backend.tests.test_storm_tracker.TestStormZonesRadiusVariations" name="test_zones_cached_fast_response" time="1.224" /><testcase classname="backend.tests.test_storm_tracker.TestWeatherCaching" name="test_current_weather_cached" time="1.222" /><testcase classname="backend.tests.test_storm_tracker.TestWeatherCaching" name="test_forecast_cached" time="1.248" /><testcase classname="backend.tests.test_storm_tracker.TestWeatherCaching" name="test_history_cached" time="1.227" /><testcase classname="backend.tests.test_storm_tracker.TestWeatherCaching" name="test_history_days_cached" time="1.217" /><testcase classname="backend.tests.test_storm_tracker.TestLightningWithRadius" name="test_lightning_strikes_radius_70" time="0.107" /><testcase classname="backend.tests.test_storm_tracker.TestPDFBulletinWithRadius" name="test_bulletin_pdf_with_radius_70" time="2.110" /><testcase classname="backend.tests.test_storm_tracker.TestStormUploadEndpoints" name="test_upload_storm_missing_api_key" time="0.132" /><testcase classname="backend.tests.test_storm_tracker.TestStormUploadEndpoints" name="test_upload_storm_wrong_api_key" time="0.115" /><testcase classname="backend.tests.test_storm_tracker.TestStormUploadEndpoints" name="test_upload_storm_valid_key_creates_record" time="0.141" /><testcase classname="backend.tests.test_storm_tracker.TestStormUploadEndpoints" name="test_upload_storm_auto_fills_timestamp" time="0.106" /><testcase classname="backend.tests.test_storm_tracker.TestStormUploadEndpoints" name="test_upload_storm_persists_to_file" time="0.228" /><testcase classname="backend.tests.test_storm_tracker.TestStormUploadsListEndpoint" name="test_list_storm_uploads_returns_count_and_items" time="0.138" /><testcase classname="backend.tests.test_storm_tracker.TestStormUploadsListEndpoint" name="test_list_storm_uploads_sorted_newest_first" time="0.110" /><testcase classname="backend.tests.test_storm_tracker.TestStormUploadsListEndpoint" name="test_list_storm_uploads_with_limit" time="0.108" /><testcase classname="backend.tests.test_storm_tracker.TestStormUploadsListEndpoint" name="test_list_storm_uploads_item_structure" time="0.117" /><testcase classname="backend.tests.test_storm_tracker.TestLightningEndpoints" name="test_lightning_strikes_basic" time="0.108" /><testcase classname="backend.tests.test_storm_tracker.TestLightningEndpoints" name="test_lightning_strikes_with_since_filter" time="0.109" /><testcase classname="backend.tests.test_storm_tracker.TestLightningEndpoints" name="test_lightning_strike_object_structure" time="0.117" /><testcase classname="backend.tests.test_storm_tracker.TestLightningEndpoints" name="test_lightning_status" time="0.150" /><testcase classname="backend.tests.test_storm_tracker.TestStormTrajectory" name="test_trajectory_endpoint_basic" time="0.108" /><testcase classname="backend.tests.test_storm_tracker.TestStormTrajectory" name="test_trajectory_default_params" time="0.118" /><testcase classname="backend.tests.test_storm_tracker.TestStormApproach" name="test_approach_still_works" time="0.114" /><testcase classname="backend.tests.test_storm_tracker.TestForecastStormRisk" name="test_storm_risk_returns_days" time="0.654" /><testcase classname="backend.tests.test_storm_tracker.TestVigilance" name="test_vigilance_basic_structure" time="0.985" /><testcase classname="backend.tests.test_storm_tracker.TestVigilance" name="test_vigilance_seven_departements" time="0.106" /><testcase classname="backend.tests.test_storm_tracker.TestVigilance" name="test_vigilance_phenomena_per_dept" time="0.122" /><testcase classname="backend.tests.test_storm_tracker.TestVigilance" name="test_vigilance_meta_arrays" time="0.125" /><testcase classname="backend.tests.test_storm_tracker.TestVigilance" name="test_vigilance_cached_fast" time="0.230" /><testcase classname="backend.tests.test_trajectory_unit.TestPredictTrajectoryUnit" name="test_not_enough_strikes" time="0.000" /><testcase classname="backend.tests.test_trajectory_unit.TestPredictTrajectoryUnit" name="test_stationary_rejected" time="0.000" /><testcase classname="backend.tests.test_trajectory_unit.TestPredictTrajectoryUnit" name="test_noise_too_high_rejected" time="0.000" /><testcase classname="backend.tests.test_trajectory_unit.TestPredictTrajectoryUnit" name="test_happy_path_detected" time="0.000" /><testcase classname="backend.tests.test_trajectory_unit.TestPredictTrajectoryUnit" name="test_no_dominant_cluster" time="0.000" /><testcase classname="backend.tests.test_trajectory_unit.TestPredictTrajectoryUnit" name="test_dominant_cluster_extracts_signal_from_noise" time="0.000" /></testsuite></testsuites>