<?xml version="1.0" encoding="utf-8"?><testsuites name="pytest tests"><testsuite name="pytest" errors="0" failures="0" skipped="0" tests="9" time="15.720" timestamp="2026-05-01T11:57:27.035603+00:00" hostname="agent-env-8c614b59-f17d-4565-b96f-9b628e0fa2c6"><testcase classname="backend.tests.test_replay_video.TestReplayDemos" name="test_demos_shape" time="0.195" /><testcase classname="backend.tests.test_replay_video.TestReplayVideoStart" name="test_post_with_demo_id_returns_queued" time="0.058" /><testcase classname="backend.tests.test_replay_video.TestReplayVideoStart" name="test_post_unknown_demo_id_returns_404" time="0.095" /><testcase classname="backend.tests.test_replay_video.TestReplayVideoStart" name="test_post_no_demo_no_strikes_returns_400" time="0.131" /><testcase classname="backend.tests.test_replay_video.TestReplayVideoStatus" name="test_status_unknown_job_returns_404" time="0.126" /><testcase classname="backend.tests.test_replay_video.TestReplayVideoStatus" name="test_status_known_job_shape" time="0.816" /><testcase classname="backend.tests.test_replay_video.TestReplayVideoE2E" name="test_full_e2e_demo_to_mp4" time="14.101" /><testcase classname="backend.tests.test_replay_video.TestReplayVideoE2E" name="test_file_endpoint_returns_404_for_unknown" time="0.055" /><testcase classname="backend.tests.test_replay_video.TestRegressionReplayEvents" name="test_replay_events_still_works" time="0.058" /></testsuite></testsuites>