<?xml version="1.0" encoding="utf-8"?><testsuites name="pytest tests"><testsuite name="pytest" errors="0" failures="0" skipped="0" tests="30" time="13.196" timestamp="2026-04-18T18:58:50.462699+00:00" hostname="agent-env-8c614b59-f17d-4565-b96f-9b628e0fa2c6"><testcase classname="backend.tests.test_storm_tracker.TestServiceInfo" name="test_root_returns_service_info" time="0.216" /><testcase classname="backend.tests.test_storm_tracker.TestWeatherEndpoints" name="test_current_weather" time="0.638" /><testcase classname="backend.tests.test_storm_tracker.TestWeatherEndpoints" name="test_forecast" time="0.595" /><testcase classname="backend.tests.test_storm_tracker.TestWeatherEndpoints" name="test_history" time="0.598" /><testcase classname="backend.tests.test_storm_tracker.TestWeatherEndpoints" name="test_storm_zones" time="0.607" /><testcase classname="backend.tests.test_storm_tracker.TestAuthEndpoints" name="test_register_new_user" time="0.356" /><testcase classname="backend.tests.test_storm_tracker.TestAuthEndpoints" name="test_register_duplicate_email" time="0.468" /><testcase classname="backend.tests.test_storm_tracker.TestAuthEndpoints" name="test_login_valid_credentials" time="0.716" /><testcase classname="backend.tests.test_storm_tracker.TestAuthEndpoints" name="test_login_invalid_credentials" time="0.136" /><testcase classname="backend.tests.test_storm_tracker.TestAuthEndpoints" name="test_me_without_token" time="0.100" /><testcase classname="backend.tests.test_storm_tracker.TestAuthEndpoints" name="test_me_with_token" time="0.438" /><testcase classname="backend.tests.test_storm_tracker.TestFavoritesEndpoints" name="test_favorites_without_auth" time="0.099" /><testcase classname="backend.tests.test_storm_tracker.TestFavoritesEndpoints" name="test_create_favorite" time="0.482" /><testcase classname="backend.tests.test_storm_tracker.TestFavoritesEndpoints" name="test_list_favorites" time="0.501" /><testcase classname="backend.tests.test_storm_tracker.TestFavoritesEndpoints" name="test_delete_favorite" time="0.738" /><testcase classname="backend.tests.test_storm_tracker.TestFavoritesEndpoints" name="test_delete_nonexistent_favorite" time="0.426" /><testcase classname="backend.tests.test_storm_tracker.TestPreCreatedTestUser" name="test_login_test_user" time="0.326" /><testcase classname="backend.tests.test_storm_tracker.TestHistoryDaysEndpoint" name="test_history_days_default_7" time="0.610" /><testcase classname="backend.tests.test_storm_tracker.TestHistoryDaysEndpoint" name="test_history_days_14" time="0.600" /><testcase classname="backend.tests.test_storm_tracker.TestHistoryDaysEndpoint" name="test_history_days_clamps_invalid" time="1.966" /><testcase classname="backend.tests.test_storm_tracker.TestPushEndpoints" name="test_vapid_public_key" time="0.125" /><testcase classname="backend.tests.test_storm_tracker.TestPushEndpoints" name="test_push_subscribe_idempotent" time="0.308" /><testcase classname="backend.tests.test_storm_tracker.TestPushEndpoints" name="test_push_unsubscribe" time="0.310" /><testcase classname="backend.tests.test_storm_tracker.TestPushEndpoints" name="test_push_test_requires_auth" time="0.105" /><testcase classname="backend.tests.test_storm_tracker.TestPushEndpoints" name="test_push_test_with_auth" time="0.447" /><testcase classname="backend.tests.test_storm_tracker.TestPDFBulletin" name="test_bulletin_pdf_returns_pdf" time="0.717" /><testcase classname="backend.tests.test_storm_tracker.TestLightningEndpoints" name="test_lightning_strikes_basic" time="0.100" /><testcase classname="backend.tests.test_storm_tracker.TestLightningEndpoints" name="test_lightning_strikes_with_since_filter" time="0.138" /><testcase classname="backend.tests.test_storm_tracker.TestLightningEndpoints" name="test_lightning_strike_object_structure" time="0.103" /><testcase classname="backend.tests.test_storm_tracker.TestLightningEndpoints" name="test_lightning_status" time="0.106" /></testsuite></testsuites>