<?xml version="1.0" encoding="utf-8"?><testsuites name="pytest tests"><testsuite name="pytest" errors="0" failures="0" skipped="0" tests="6" time="18.654" timestamp="2026-06-28T16:21:54.806835+00:00" hostname="agent-env-8c614b59-f17d-4565-b96f-9b628e0fa2c6"><testcase classname="backend.tests.test_bulk_grid_architecture" name="test_point5_no_sleep_in_bulk_functions" time="0.000" /><testcase classname="backend.tests.test_bulk_grid_architecture" name="test_point1_single_bulk_call_on_cold_start" time="5.335" /><testcase classname="backend.tests.test_bulk_grid_architecture" name="test_point2_disk_persistence_structure" time="0.007" /><testcase classname="backend.tests.test_bulk_grid_architecture" name="test_point3_4_burst_no_upstream_and_fast" time="8.493" /><testcase classname="backend.tests.test_bulk_grid_architecture" name="test_status_endpoint" time="0.137" /><testcase classname="backend.tests.test_bulk_grid_architecture" name="test_persistence_on_restart_no_upstream" time="4.603" /></testsuite></testsuites>