<?xml version="1.0" encoding="utf-8"?><testsuites name="pytest tests"><testsuite name="pytest" errors="0" failures="0" skipped="0" tests="49" time="27.667" timestamp="2026-04-18T21:17:03.703947+00:00" hostname="agent-env-8c614b59-f17d-4565-b96f-9b628e0fa2c6"><testcase classname="backend.tests.test_storm_tracker.TestServiceInfo" name="test_root_returns_service_info" time="0.220" /><testcase classname="backend.tests.test_storm_tracker.TestWeatherEndpoints" name="test_current_weather" time="0.660" /><testcase classname="backend.tests.test_storm_tracker.TestWeatherEndpoints" name="test_forecast" time="0.733" /><testcase classname="backend.tests.test_storm_tracker.TestWeatherEndpoints" name="test_history" time="0.606" /><testcase classname="backend.tests.test_storm_tracker.TestWeatherEndpoints" name="test_storm_zones" time="0.621" /><testcase classname="backend.tests.test_storm_tracker.TestAuthEndpoints" name="test_register_new_user" time="0.382" /><testcase classname="backend.tests.test_storm_tracker.TestAuthEndpoints" name="test_register_duplicate_email" time="0.545" /><testcase classname="backend.tests.test_storm_tracker.TestAuthEndpoints" name="test_login_valid_credentials" time="0.691" /><testcase classname="backend.tests.test_storm_tracker.TestAuthEndpoints" name="test_login_invalid_credentials" time="0.145" /><testcase classname="backend.tests.test_storm_tracker.TestAuthEndpoints" name="test_me_without_token" time="0.151" /><testcase classname="backend.tests.test_storm_tracker.TestAuthEndpoints" name="test_me_with_token" time="0.461" /><testcase classname="backend.tests.test_storm_tracker.TestFavoritesEndpoints" name="test_favorites_without_auth" time="0.151" /><testcase classname="backend.tests.test_storm_tracker.TestFavoritesEndpoints" name="test_create_favorite" time="0.477" /><testcase classname="backend.tests.test_storm_tracker.TestFavoritesEndpoints" name="test_list_favorites" time="0.576" /><testcase classname="backend.tests.test_storm_tracker.TestFavoritesEndpoints" name="test_delete_favorite" time="0.669" /><testcase classname="backend.tests.test_storm_tracker.TestFavoritesEndpoints" name="test_delete_nonexistent_favorite" time="0.477" /><testcase classname="backend.tests.test_storm_tracker.TestPreCreatedTestUser" name="test_login_test_user" time="0.378" /><testcase classname="backend.tests.test_storm_tracker.TestHistoryDaysEndpoint" name="test_history_days_default_7" time="0.647" /><testcase classname="backend.tests.test_storm_tracker.TestHistoryDaysEndpoint" name="test_history_days_14" time="0.765" /><testcase classname="backend.tests.test_storm_tracker.TestHistoryDaysEndpoint" name="test_history_days_clamps_invalid" time="2.194" /><testcase classname="backend.tests.test_storm_tracker.TestPushEndpoints" name="test_vapid_public_key" time="0.117" /><testcase classname="backend.tests.test_storm_tracker.TestPushEndpoints" name="test_push_subscribe_idempotent" time="0.325" /><testcase classname="backend.tests.test_storm_tracker.TestPushEndpoints" name="test_push_unsubscribe" time="0.381" /><testcase classname="backend.tests.test_storm_tracker.TestPushEndpoints" name="test_push_test_requires_auth" time="0.119" /><testcase classname="backend.tests.test_storm_tracker.TestPushEndpoints" name="test_push_test_with_auth" time="0.563" /><testcase classname="backend.tests.test_storm_tracker.TestPDFBulletin" name="test_bulletin_pdf_returns_pdf" time="0.119" /><testcase classname="backend.tests.test_storm_tracker.TestStormZonesRadiusVariations" name="test_zones_radius_20_returns_25_zones" time="1.107" /><testcase classname="backend.tests.test_storm_tracker.TestStormZonesRadiusVariations" name="test_zones_radius_30_returns_more_zones" time="1.649" /><testcase classname="backend.tests.test_storm_tracker.TestStormZonesRadiusVariations" name="test_zones_radius_70_returns_45_zones" time="1.646" /><testcase classname="backend.tests.test_storm_tracker.TestStormZonesRadiusVariations" name="test_zones_cached_fast_response" time="1.214" /><testcase classname="backend.tests.test_storm_tracker.TestWeatherCaching" name="test_current_weather_cached" time="1.217" /><testcase classname="backend.tests.test_storm_tracker.TestWeatherCaching" name="test_forecast_cached" time="1.211" /><testcase classname="backend.tests.test_storm_tracker.TestWeatherCaching" name="test_history_cached" time="1.230" /><testcase classname="backend.tests.test_storm_tracker.TestWeatherCaching" name="test_history_days_cached" time="1.247" /><testcase classname="backend.tests.test_storm_tracker.TestLightningWithRadius" name="test_lightning_strikes_radius_70" time="0.113" /><testcase classname="backend.tests.test_storm_tracker.TestPDFBulletinWithRadius" name="test_bulletin_pdf_with_radius_70" time="2.117" /><testcase classname="backend.tests.test_storm_tracker.TestStormUploadEndpoints" name="test_upload_storm_missing_api_key" time="0.111" /><testcase classname="backend.tests.test_storm_tracker.TestStormUploadEndpoints" name="test_upload_storm_wrong_api_key" time="0.105" /><testcase classname="backend.tests.test_storm_tracker.TestStormUploadEndpoints" name="test_upload_storm_valid_key_creates_record" time="0.105" /><testcase classname="backend.tests.test_storm_tracker.TestStormUploadEndpoints" name="test_upload_storm_auto_fills_timestamp" time="0.125" /><testcase classname="backend.tests.test_storm_tracker.TestStormUploadEndpoints" name="test_upload_storm_persists_to_file" time="0.237" /><testcase classname="backend.tests.test_storm_tracker.TestStormUploadsListEndpoint" name="test_list_storm_uploads_returns_count_and_items" time="0.106" /><testcase classname="backend.tests.test_storm_tracker.TestStormUploadsListEndpoint" name="test_list_storm_uploads_sorted_newest_first" time="0.104" /><testcase classname="backend.tests.test_storm_tracker.TestStormUploadsListEndpoint" name="test_list_storm_uploads_with_limit" time="0.104" /><testcase classname="backend.tests.test_storm_tracker.TestStormUploadsListEndpoint" name="test_list_storm_uploads_item_structure" time="0.099" /><testcase classname="backend.tests.test_storm_tracker.TestLightningEndpoints" name="test_lightning_strikes_basic" time="0.112" /><testcase classname="backend.tests.test_storm_tracker.TestLightningEndpoints" name="test_lightning_strikes_with_since_filter" time="0.114" /><testcase classname="backend.tests.test_storm_tracker.TestLightningEndpoints" name="test_lightning_strike_object_structure" time="0.131" /><testcase classname="backend.tests.test_storm_tracker.TestLightningEndpoints" name="test_lightning_status" time="0.120" /></testsuite></testsuites>