<?xml version="1.0" encoding="utf-8"?><testsuites name="pytest tests"><testsuite name="pytest" errors="0" failures="1" skipped="0" tests="8" time="3.324" timestamp="2026-04-19T19:31:05.968008+00:00" hostname="agent-env-8c614b59-f17d-4565-b96f-9b628e0fa2c6"><testcase classname="backend.tests.test_share_card" name="test_share_card_returns_png" time="1.510" /><testcase classname="backend.tests.test_share_card" name="test_share_card_cache_header" time="0.245"><failure message="AssertionError: cache-control=no-store, no-cache, must-revalidate&#10;assert ('public' in 'no-store, no-cache, must-revalidate')">backend/tests/test_share_card.py:22: in test_share_card_cache_header
    assert "public" in cc and "max-age=60" in cc, f"cache-control={cc}"
E   AssertionError: cache-control=no-store, no-cache, must-revalidate
E   assert ('public' in 'no-store, no-cache, must-revalidate')</failure></testcase><testcase classname="backend.tests.test_share_card" name="test_share_card_dimensions" time="0.235" /><testcase classname="backend.tests.test_share_card" name="test_trajectory_still_works_with_radius_70" time="0.145" /><testcase classname="backend.tests.test_share_card" name="test_approach_still_works_with_radius_70" time="0.148" /><testcase classname="backend.tests.test_share_card" name="test_vigilance_still_returns_meteoalarm" time="0.103" /><testcase classname="backend.tests.test_share_card" name="test_bulletin_pdf_still_works" time="0.738" /><testcase classname="backend.tests.test_share_card" name="test_upload_storm_still_requires_key" time="0.114" /></testsuite></testsuites>