<?xml version="1.0" encoding="utf-8"?><testsuites name="pytest tests"><testsuite name="pytest" errors="0" failures="0" skipped="0" tests="7" time="2.262" timestamp="2026-06-28T17:00:05.895842+00:00" hostname="agent-env-8c614b59-f17d-4565-b96f-9b628e0fa2c6"><testcase classname="backend.tests.test_bulk_grid.TestBulkGridEndpoint" name="test_bulk_returns_200" time="0.513" /><testcase classname="backend.tests.test_bulk_grid.TestBulkGridEndpoint" name="test_bulk_payload_shape" time="0.267" /><testcase classname="backend.tests.test_bulk_grid.TestBulkGridEndpoint" name="test_per_param_has_9_keys" time="0.271" /><testcase classname="backend.tests.test_bulk_grid.TestBulkGridEndpoint" name="test_bulk_second_call_uses_cache" time="0.513" /><testcase classname="backend.tests.test_bulk_grid.TestBulkGridEndpoint" name="test_units_present" time="0.273" /><testcase classname="backend.tests.test_bulk_grid.TestLegacyGridEndpoint" name="test_legacy_grid_still_responds" time="0.046" /><testcase classname="backend.tests.test_bulk_grid.TestBulkStatus" name="test_status_after_bulk" time="0.312" /></testsuite></testsuites>