<?xml version="1.0" encoding="utf-8"?><testsuites name="pytest tests"><testsuite name="pytest" errors="0" failures="0" skipped="0" tests="26" time="2.898" timestamp="2026-05-01T17:46:20.159533+00:00" hostname="agent-env-8c614b59-f17d-4565-b96f-9b628e0fa2c6"><testcase classname="tests.test_webhooks.TestWebhooksStatusEndpoint" name="test_status_no_auth_required" time="0.247" /><testcase classname="tests.test_webhooks.TestWebhooksStatusEndpoint" name="test_status_no_secret_leaked" time="0.049" /><testcase classname="tests.test_webhooks.TestWebhooksTestEndpoint" name="test_test_requires_auth" time="0.053" /><testcase classname="tests.test_webhooks.TestWebhooksTestEndpoint" name="test_test_with_auth_returns_null_channels" time="0.359" /><testcase classname="tests.test_webhooks.TestDiscordUrl" name="test_empty_returns_none" time="0.060" /><testcase classname="tests.test_webhooks.TestDiscordUrl" name="test_invalid_prefix_returns_none" time="0.001" /><testcase classname="tests.test_webhooks.TestDiscordUrl" name="test_valid_prefix_returns_url" time="0.000" /><testcase classname="tests.test_webhooks.TestTelegramConfig" name="test_missing_both_returns_none" time="0.002" /><testcase classname="tests.test_webhooks.TestTelegramConfig" name="test_only_token_returns_none" time="0.000" /><testcase classname="tests.test_webhooks.TestTelegramConfig" name="test_only_chat_returns_none" time="0.000" /><testcase classname="tests.test_webhooks.TestTelegramConfig" name="test_both_set_returns_tuple" time="0.000" /><testcase classname="tests.test_webhooks.TestCooldown" name="test_dispatch_cooldown_skipped_on_second_call" time="0.001" /><testcase classname="tests.test_webhooks.TestCooldown" name="test_dispatch_force_bypasses_cooldown" time="0.001" /><testcase classname="tests.test_webhooks.TestCooldown" name="test_active_cooldowns_exposed_in_status" time="0.001" /><testcase classname="tests.test_webhooks.TestSendErrors" name="test_send_discord_invalid_token_captures_error" time="0.186" /><testcase classname="tests.test_webhooks.TestSendErrors" name="test_send_telegram_invalid_token_captures_error" time="0.455" /><testcase classname="tests.test_webhooks.TestDispatchTags" name="test_dispatch_each_alert_tag[storm-active]" time="0.001" /><testcase classname="tests.test_webhooks.TestDispatchTags" name="test_dispatch_each_alert_tag[lightning-strike]" time="0.001" /><testcase classname="tests.test_webhooks.TestDispatchTags" name="test_dispatch_each_alert_tag[storm-approach]" time="0.001" /><testcase classname="tests.test_webhooks.TestDispatchTags" name="test_dispatch_each_alert_tag[vigilance-orange]" time="0.001" /><testcase classname="tests.test_webhooks.TestDispatchTags" name="test_dispatch_each_alert_tag[vigilance-rouge]" time="0.001" /><testcase classname="tests.test_webhooks.TestRegressions" name="test_push_test_requires_auth" time="0.052" /><testcase classname="tests.test_webhooks.TestRegressions" name="test_push_test_with_auth" time="0.050" /><testcase classname="tests.test_webhooks.TestRegressions" name="test_replay_events" time="0.050" /><testcase classname="tests.test_webhooks.TestRegressions" name="test_replay_video_validation" time="0.047" /><testcase classname="tests.test_webhooks.TestRegressions" name="test_weather_vigilance" time="1.175" /></testsuite></testsuites>