<?xml version="1.0" encoding="utf-8"?><testsuites name="pytest tests"><testsuite name="pytest" errors="0" failures="0" skipped="0" tests="17" time="7.554" timestamp="2026-04-18T14:14:52.031179+00:00" hostname="agent-env-8c614b59-f17d-4565-b96f-9b628e0fa2c6"><testcase classname="backend.tests.test_storm_tracker.TestServiceInfo" name="test_root_returns_service_info" time="0.152" /><testcase classname="backend.tests.test_storm_tracker.TestWeatherEndpoints" name="test_current_weather" time="0.682" /><testcase classname="backend.tests.test_storm_tracker.TestWeatherEndpoints" name="test_forecast" time="0.621" /><testcase classname="backend.tests.test_storm_tracker.TestWeatherEndpoints" name="test_history" time="0.611" /><testcase classname="backend.tests.test_storm_tracker.TestWeatherEndpoints" name="test_storm_zones" time="0.622" /><testcase classname="backend.tests.test_storm_tracker.TestAuthEndpoints" name="test_register_new_user" time="0.357" /><testcase classname="backend.tests.test_storm_tracker.TestAuthEndpoints" name="test_register_duplicate_email" time="0.440" /><testcase classname="backend.tests.test_storm_tracker.TestAuthEndpoints" name="test_login_valid_credentials" time="0.671" /><testcase classname="backend.tests.test_storm_tracker.TestAuthEndpoints" name="test_login_invalid_credentials" time="0.103" /><testcase classname="backend.tests.test_storm_tracker.TestAuthEndpoints" name="test_me_without_token" time="0.103" /><testcase classname="backend.tests.test_storm_tracker.TestAuthEndpoints" name="test_me_with_token" time="0.448" /><testcase classname="backend.tests.test_storm_tracker.TestFavoritesEndpoints" name="test_favorites_without_auth" time="0.114" /><testcase classname="backend.tests.test_storm_tracker.TestFavoritesEndpoints" name="test_create_favorite" time="0.455" /><testcase classname="backend.tests.test_storm_tracker.TestFavoritesEndpoints" name="test_list_favorites" time="0.604" /><testcase classname="backend.tests.test_storm_tracker.TestFavoritesEndpoints" name="test_delete_favorite" time="0.655" /><testcase classname="backend.tests.test_storm_tracker.TestFavoritesEndpoints" name="test_delete_nonexistent_favorite" time="0.445" /><testcase classname="backend.tests.test_storm_tracker.TestPreCreatedTestUser" name="test_login_test_user" time="0.322" /></testsuite></testsuites>