<?xml version="1.0" encoding="utf-8"?><testsuites name="pytest tests"><testsuite name="pytest" errors="0" failures="0" skipped="0" tests="7" time="8.802" timestamp="2026-06-28T19:00:57.869401+00:00" hostname="agent-env-8c614b59-f17d-4565-b96f-9b628e0fa2c6"><testcase classname="backend.tests.test_bulk_error_handling.TestBulkEndpointLive" name="test_bulk_endpoint_reachable" time="8.197" /><testcase classname="backend.tests.test_bulk_error_handling.TestBulkErrorMapping" name="test_429_returns_rate_limit_message" time="0.527" /><testcase classname="backend.tests.test_bulk_error_handling.TestBulkErrorMapping" name="test_timeout_returns_timeout_message" time="0.002" /><testcase classname="backend.tests.test_bulk_error_handling.TestBulkErrorMapping" name="test_connect_error_returns_connect_message" time="0.002" /><testcase classname="backend.tests.test_bulk_error_handling.TestResolveBulkFile" name="test_fallback_to_tmp_when_cache_dir_readonly" time="0.002" /><testcase classname="backend.tests.test_bulk_error_handling.TestResolveBulkFile" name="test_storm_cache_dir_respected" time="0.001" /><testcase classname="backend.tests.test_bulk_error_handling.TestResolveBulkFile" name="test_save_bulk_handles_permission_error" time="0.001" /></testsuite></testsuites>