<?xml version="1.0" encoding="utf-8"?><testsuites name="pytest tests"><testsuite name="pytest" errors="0" failures="0" skipped="0" tests="53" time="27.838" timestamp="2026-04-19T09:08:58.068907+00:00" hostname="agent-env-8c614b59-f17d-4565-b96f-9b628e0fa2c6"><testcase classname="backend.tests.test_storm_tracker.TestServiceInfo" name="test_root_returns_service_info" time="0.150" /><testcase classname="backend.tests.test_storm_tracker.TestWeatherEndpoints" name="test_current_weather" time="0.624" /><testcase classname="backend.tests.test_storm_tracker.TestWeatherEndpoints" name="test_forecast" time="0.633" /><testcase classname="backend.tests.test_storm_tracker.TestWeatherEndpoints" name="test_history" time="0.619" /><testcase classname="backend.tests.test_storm_tracker.TestWeatherEndpoints" name="test_storm_zones" time="0.716" /><testcase classname="backend.tests.test_storm_tracker.TestAuthEndpoints" name="test_register_new_user" time="0.370" /><testcase classname="backend.tests.test_storm_tracker.TestAuthEndpoints" name="test_register_duplicate_email" time="0.492" /><testcase classname="backend.tests.test_storm_tracker.TestAuthEndpoints" name="test_login_valid_credentials" time="0.803" /><testcase classname="backend.tests.test_storm_tracker.TestAuthEndpoints" name="test_login_invalid_credentials" time="0.095" /><testcase classname="backend.tests.test_storm_tracker.TestAuthEndpoints" name="test_me_without_token" time="0.122" /><testcase classname="backend.tests.test_storm_tracker.TestAuthEndpoints" name="test_me_with_token" time="0.437" /><testcase classname="backend.tests.test_storm_tracker.TestFavoritesEndpoints" name="test_favorites_without_auth" time="0.121" /><testcase classname="backend.tests.test_storm_tracker.TestFavoritesEndpoints" name="test_create_favorite" time="0.438" /><testcase classname="backend.tests.test_storm_tracker.TestFavoritesEndpoints" name="test_list_favorites" time="0.526" /><testcase classname="backend.tests.test_storm_tracker.TestFavoritesEndpoints" name="test_delete_favorite" time="0.698" /><testcase classname="backend.tests.test_storm_tracker.TestFavoritesEndpoints" name="test_delete_nonexistent_favorite" time="0.434" /><testcase classname="backend.tests.test_storm_tracker.TestPreCreatedTestUser" name="test_login_test_user" time="0.328" /><testcase classname="backend.tests.test_storm_tracker.TestHistoryDaysEndpoint" name="test_history_days_default_7" time="0.740" /><testcase classname="backend.tests.test_storm_tracker.TestHistoryDaysEndpoint" name="test_history_days_14" time="0.719" /><testcase classname="backend.tests.test_storm_tracker.TestHistoryDaysEndpoint" name="test_history_days_clamps_invalid" time="2.207" /><testcase classname="backend.tests.test_storm_tracker.TestPushEndpoints" name="test_vapid_public_key" time="0.139" /><testcase classname="backend.tests.test_storm_tracker.TestPushEndpoints" name="test_push_subscribe_idempotent" time="0.322" /><testcase classname="backend.tests.test_storm_tracker.TestPushEndpoints" name="test_push_unsubscribe" time="0.331" /><testcase classname="backend.tests.test_storm_tracker.TestPushEndpoints" name="test_push_test_requires_auth" time="0.109" /><testcase classname="backend.tests.test_storm_tracker.TestPushEndpoints" name="test_push_test_with_auth" time="0.435" /><testcase classname="backend.tests.test_storm_tracker.TestPDFBulletin" name="test_bulletin_pdf_returns_pdf" time="0.109" /><testcase classname="backend.tests.test_storm_tracker.TestStormZonesRadiusVariations" name="test_zones_radius_20_returns_25_zones" time="1.106" /><testcase classname="backend.tests.test_storm_tracker.TestStormZonesRadiusVariations" name="test_zones_radius_30_returns_more_zones" time="1.637" /><testcase classname="backend.tests.test_storm_tracker.TestStormZonesRadiusVariations" name="test_zones_radius_70_returns_45_zones" time="1.627" /><testcase classname="backend.tests.test_storm_tracker.TestStormZonesRadiusVariations" name="test_zones_cached_fast_response" time="1.206" /><testcase classname="backend.tests.test_storm_tracker.TestWeatherCaching" name="test_current_weather_cached" time="1.202" /><testcase classname="backend.tests.test_storm_tracker.TestWeatherCaching" name="test_forecast_cached" time="1.193" /><testcase classname="backend.tests.test_storm_tracker.TestWeatherCaching" name="test_history_cached" time="1.231" /><testcase classname="backend.tests.test_storm_tracker.TestWeatherCaching" name="test_history_days_cached" time="1.195" /><testcase classname="backend.tests.test_storm_tracker.TestLightningWithRadius" name="test_lightning_strikes_radius_70" time="0.097" /><testcase classname="backend.tests.test_storm_tracker.TestPDFBulletinWithRadius" name="test_bulletin_pdf_with_radius_70" time="2.111" /><testcase classname="backend.tests.test_storm_tracker.TestStormUploadEndpoints" name="test_upload_storm_missing_api_key" time="0.096" /><testcase classname="backend.tests.test_storm_tracker.TestStormUploadEndpoints" name="test_upload_storm_wrong_api_key" time="0.108" /><testcase classname="backend.tests.test_storm_tracker.TestStormUploadEndpoints" name="test_upload_storm_valid_key_creates_record" time="0.131" /><testcase classname="backend.tests.test_storm_tracker.TestStormUploadEndpoints" name="test_upload_storm_auto_fills_timestamp" time="0.100" /><testcase classname="backend.tests.test_storm_tracker.TestStormUploadEndpoints" name="test_upload_storm_persists_to_file" time="0.224" /><testcase classname="backend.tests.test_storm_tracker.TestStormUploadsListEndpoint" name="test_list_storm_uploads_returns_count_and_items" time="0.111" /><testcase classname="backend.tests.test_storm_tracker.TestStormUploadsListEndpoint" name="test_list_storm_uploads_sorted_newest_first" time="0.096" /><testcase classname="backend.tests.test_storm_tracker.TestStormUploadsListEndpoint" name="test_list_storm_uploads_with_limit" time="0.102" /><testcase classname="backend.tests.test_storm_tracker.TestStormUploadsListEndpoint" name="test_list_storm_uploads_item_structure" time="0.107" /><testcase classname="backend.tests.test_storm_tracker.TestLightningEndpoints" name="test_lightning_strikes_basic" time="0.101" /><testcase classname="backend.tests.test_storm_tracker.TestLightningEndpoints" name="test_lightning_strikes_with_since_filter" time="0.103" /><testcase classname="backend.tests.test_storm_tracker.TestLightningEndpoints" name="test_lightning_strike_object_structure" time="0.104" /><testcase classname="backend.tests.test_storm_tracker.TestLightningEndpoints" name="test_lightning_status" time="0.127" /><testcase classname="backend.tests.test_storm_tracker.TestStormTrajectory" name="test_trajectory_endpoint_basic" time="0.107" /><testcase classname="backend.tests.test_storm_tracker.TestStormTrajectory" name="test_trajectory_default_params" time="0.099" /><testcase classname="backend.tests.test_storm_tracker.TestStormApproach" name="test_approach_still_works" time="0.097" /><testcase classname="backend.tests.test_storm_tracker.TestForecastStormRisk" name="test_storm_risk_returns_days" time="0.610" /></testsuite></testsuites>