<?xml version="1.0" encoding="utf-8"?><testsuites name="pytest tests"><testsuite name="pytest" errors="0" failures="0" skipped="0" tests="14" time="2.882" timestamp="2026-05-01T00:29:06.451374+00:00" hostname="agent-env-8c614b59-f17d-4565-b96f-9b628e0fa2c6"><testcase classname="backend.tests.test_at_ts_filter.TestTrajectoryAtTs" name="test_no_at_ts" time="0.309" /><testcase classname="backend.tests.test_at_ts_filter.TestTrajectoryAtTs" name="test_with_at_ts_now" time="0.055" /><testcase classname="backend.tests.test_at_ts_filter.TestTrajectoryAtTs" name="test_with_at_ts_past" time="0.052" /><testcase classname="backend.tests.test_at_ts_filter.TestTrajectoryAtTs" name="test_at_ts_invalid" time="0.052" /><testcase classname="backend.tests.test_at_ts_filter.TestTrajectoryAtTs" name="test_consistent_shape" time="0.100" /><testcase classname="backend.tests.test_at_ts_filter.TestApproachAtTs" name="test_no_at_ts" time="0.054" /><testcase classname="backend.tests.test_at_ts_filter.TestApproachAtTs" name="test_with_at_ts_now" time="0.055" /><testcase classname="backend.tests.test_at_ts_filter.TestApproachAtTs" name="test_with_at_ts_past" time="0.050" /><testcase classname="backend.tests.test_at_ts_filter.TestApproachAtTs" name="test_at_ts_invalid" time="0.055" /><testcase classname="backend.tests.test_at_ts_filter.TestVigilanceFullPhenomenaShape" name="test_shape" time="1.740" /><testcase classname="backend.tests.test_at_ts_filter.TestVigilanceFullPhenomenaShape" name="test_phenomena_keys_match_filter" time="0.089" /><testcase classname="backend.tests.test_at_ts_filter.TestVigilanceFullPhenomenaShape" name="test_areas_have_max_level_consistent" time="0.082" /><testcase classname="backend.tests.test_at_ts_filter.TestLightningSinceUntil" name="test_lightning_strikes_no_filter" time="0.051" /><testcase classname="backend.tests.test_at_ts_filter.TestLightningSinceUntil" name="test_lightning_strikes_with_since" time="0.047" /></testsuite></testsuites>