<?xml version="1.0" encoding="utf-8"?><testsuites name="pytest tests"><testsuite name="pytest" errors="0" failures="0" skipped="0" tests="16" time="16.786" timestamp="2026-06-28T23:41:45.649200+00:00" hostname="agent-env-8c614b59-f17d-4565-b96f-9b628e0fa2c6"><testcase classname="tests.test_patches_iter31.TestPatch1DegradedSevereGrid" name="test_degraded_severe_grid_has_required_keys" time="0.550" /><testcase classname="tests.test_patches_iter31.TestPatch1DegradedSevereGrid" name="test_degraded_severe_grid_values_safe" time="0.000" /><testcase classname="tests.test_patches_iter31.TestPatch2GridDimensions" name="test_grid_cols" time="0.000" /><testcase classname="tests.test_patches_iter31.TestPatch2GridDimensions" name="test_grid_rows" time="0.000" /><testcase classname="tests.test_patches_iter31.TestPatch2GridDimensions" name="test_france_grid_has_80_points" time="0.000" /><testcase classname="tests.test_patches_iter31.TestPatch3BulkTTL" name="test_bulk_ttl_is_2h" time="0.000" /><testcase classname="tests.test_patches_iter31.TestPatch4InstallShRestart" name="test_install_sh_uses_restart" time="0.001" /><testcase classname="tests.test_patches_iter31.TestPatch4InstallShRestart" name="test_install_sh_no_enable_now" time="0.000" /><testcase classname="tests.test_patches_iter31.TestPatch4InstallShRestart" name="test_install_sh_separate_enable" time="0.000" /><testcase classname="tests.test_patches_iter31.TestPatch4InstallShRestart" name="test_install_sh_syntax_ok" time="0.004" /><testcase classname="tests.test_patches_iter31.TestPatch4InstallShRestart" name="test_upgrade_sh_syntax_ok" time="0.003" /><testcase classname="tests.test_patches_iter31.TestPatch4bisCachePerms" name="test_install_sh_chmod_cache" time="0.000" /><testcase classname="tests.test_patches_iter31.TestPatch4bisCachePerms" name="test_upgrade_sh_chmod_cache" time="0.000" /><testcase classname="tests.test_patches_iter31.TestPatch4bisCachePerms" name="test_install_sh_mkdir_cache" time="0.000" /><testcase classname="tests.test_patches_iter31.TestRegressionEndpoints" name="test_bulk_endpoint_shape" time="8.116" /><testcase classname="tests.test_patches_iter31.TestRegressionEndpoints" name="test_legacy_grid_endpoint" time="8.030" /></testsuite></testsuites>