<?xml version="1.0" encoding="utf-8"?><testsuites name="pytest tests"><testsuite name="pytest" errors="0" failures="0" skipped="0" tests="7" time="1.077" timestamp="2026-05-01T00:52:08.420978+00:00" hostname="agent-env-8c614b59-f17d-4565-b96f-9b628e0fa2c6"><testcase classname="backend.tests.test_replay_events.TestReplayEventsPublic" name="test_endpoint_returns_200_and_shape" time="0.246" /><testcase classname="backend.tests.test_replay_events.TestReplayEventsPublic" name="test_accepts_query_params" time="0.114" /><testcase classname="backend.tests.test_replay_events.TestReplayEventsPublic" name="test_invalid_param_type_422" time="0.158" /><testcase classname="backend.tests.test_replay_events.TestBurstDetection" name="test_detects_two_bursts_ignores_isolated_strike" time="0.430" /><testcase classname="backend.tests.test_replay_events.TestBurstDetection" name="test_short_burst_below_5_min_excluded" time="0.001" /><testcase classname="backend.tests.test_replay_events.TestBurstDetection" name="test_below_min_strikes_excluded" time="0.001" /><testcase classname="backend.tests.test_replay_events.TestBurstDetection" name="test_event_id_format_and_centroid" time="0.001" /></testsuite></testsuites>