<?xml version="1.0" encoding="utf-8"?><testsuites name="pytest tests"><testsuite name="pytest" errors="0" failures="0" skipped="0" tests="40" time="26.638" timestamp="2026-04-18T19:18:44.583445+00:00" hostname="agent-env-8c614b59-f17d-4565-b96f-9b628e0fa2c6"><testcase classname="backend.tests.test_storm_tracker.TestServiceInfo" name="test_root_returns_service_info" time="0.191" /><testcase classname="backend.tests.test_storm_tracker.TestWeatherEndpoints" name="test_current_weather" time="0.103" /><testcase classname="backend.tests.test_storm_tracker.TestWeatherEndpoints" name="test_forecast" time="0.112" /><testcase classname="backend.tests.test_storm_tracker.TestWeatherEndpoints" name="test_history" time="0.146" /><testcase classname="backend.tests.test_storm_tracker.TestWeatherEndpoints" name="test_storm_zones" time="0.643" /><testcase classname="backend.tests.test_storm_tracker.TestAuthEndpoints" name="test_register_new_user" time="0.336" /><testcase classname="backend.tests.test_storm_tracker.TestAuthEndpoints" name="test_register_duplicate_email" time="0.426" /><testcase classname="backend.tests.test_storm_tracker.TestAuthEndpoints" name="test_login_valid_credentials" time="0.679" /><testcase classname="backend.tests.test_storm_tracker.TestAuthEndpoints" name="test_login_invalid_credentials" time="0.125" /><testcase classname="backend.tests.test_storm_tracker.TestAuthEndpoints" name="test_me_without_token" time="0.108" /><testcase classname="backend.tests.test_storm_tracker.TestAuthEndpoints" name="test_me_with_token" time="0.439" /><testcase classname="backend.tests.test_storm_tracker.TestFavoritesEndpoints" name="test_favorites_without_auth" time="0.100" /><testcase classname="backend.tests.test_storm_tracker.TestFavoritesEndpoints" name="test_create_favorite" time="0.440" /><testcase classname="backend.tests.test_storm_tracker.TestFavoritesEndpoints" name="test_list_favorites" time="0.553" /><testcase classname="backend.tests.test_storm_tracker.TestFavoritesEndpoints" name="test_delete_favorite" time="0.610" /><testcase classname="backend.tests.test_storm_tracker.TestFavoritesEndpoints" name="test_delete_nonexistent_favorite" time="0.477" /><testcase classname="backend.tests.test_storm_tracker.TestPreCreatedTestUser" name="test_login_test_user" time="0.328" /><testcase classname="backend.tests.test_storm_tracker.TestHistoryDaysEndpoint" name="test_history_days_default_7" time="0.106" /><testcase classname="backend.tests.test_storm_tracker.TestHistoryDaysEndpoint" name="test_history_days_14" time="0.729" /><testcase classname="backend.tests.test_storm_tracker.TestHistoryDaysEndpoint" name="test_history_days_clamps_invalid" time="2.139" /><testcase classname="backend.tests.test_storm_tracker.TestPushEndpoints" name="test_vapid_public_key" time="0.115" /><testcase classname="backend.tests.test_storm_tracker.TestPushEndpoints" name="test_push_subscribe_idempotent" time="0.318" /><testcase classname="backend.tests.test_storm_tracker.TestPushEndpoints" name="test_push_unsubscribe" time="0.311" /><testcase classname="backend.tests.test_storm_tracker.TestPushEndpoints" name="test_push_test_requires_auth" time="0.111" /><testcase classname="backend.tests.test_storm_tracker.TestPushEndpoints" name="test_push_test_with_auth" time="0.456" /><testcase classname="backend.tests.test_storm_tracker.TestPDFBulletin" name="test_bulletin_pdf_returns_pdf" time="0.631" /><testcase classname="backend.tests.test_storm_tracker.TestStormZonesRadiusVariations" name="test_zones_radius_20_returns_25_zones" time="1.621" /><testcase classname="backend.tests.test_storm_tracker.TestStormZonesRadiusVariations" name="test_zones_radius_30_returns_more_zones" time="1.620" /><testcase classname="backend.tests.test_storm_tracker.TestStormZonesRadiusVariations" name="test_zones_radius_70_returns_45_zones" time="2.145" /><testcase classname="backend.tests.test_storm_tracker.TestStormZonesRadiusVariations" name="test_zones_cached_fast_response" time="2.292" /><testcase classname="backend.tests.test_storm_tracker.TestWeatherCaching" name="test_current_weather_cached" time="1.208" /><testcase classname="backend.tests.test_storm_tracker.TestWeatherCaching" name="test_forecast_cached" time="1.217" /><testcase classname="backend.tests.test_storm_tracker.TestWeatherCaching" name="test_history_cached" time="1.227" /><testcase classname="backend.tests.test_storm_tracker.TestWeatherCaching" name="test_history_days_cached" time="1.247" /><testcase classname="backend.tests.test_storm_tracker.TestLightningWithRadius" name="test_lightning_strikes_radius_70" time="0.106" /><testcase classname="backend.tests.test_storm_tracker.TestPDFBulletinWithRadius" name="test_bulletin_pdf_with_radius_70" time="2.639" /><testcase classname="backend.tests.test_storm_tracker.TestLightningEndpoints" name="test_lightning_strikes_basic" time="0.108" /><testcase classname="backend.tests.test_storm_tracker.TestLightningEndpoints" name="test_lightning_strikes_with_since_filter" time="0.125" /><testcase classname="backend.tests.test_storm_tracker.TestLightningEndpoints" name="test_lightning_strike_object_structure" time="0.108" /><testcase classname="backend.tests.test_storm_tracker.TestLightningEndpoints" name="test_lightning_status" time="0.106" /></testsuite></testsuites>