<?xml version="1.0" encoding="utf-8"?><testsuites name="pytest tests"><testsuite name="pytest" errors="0" failures="0" skipped="0" tests="12" time="3.113" timestamp="2026-04-21T14:08:39.582797+00:00" hostname="agent-env-8c614b59-f17d-4565-b96f-9b628e0fa2c6"><testcase classname="backend.tests.test_vigilance_full.TestVigilanceFullShape" name="test_top_level_keys" time="2.437" /><testcase classname="backend.tests.test_vigilance_full.TestVigilanceFullShape" name="test_source_is_meteoalarm" time="0.000" /><testcase classname="backend.tests.test_vigilance_full.TestVigilanceFullShape" name="test_areas_count_at_least_100" time="0.000" /><testcase classname="backend.tests.test_vigilance_full.TestVigilanceFullShape" name="test_area_fields" time="0.000" /><testcase classname="backend.tests.test_vigilance_full.TestHautesPyrenees" name="test_dept_65_present" time="0.000" /><testcase classname="backend.tests.test_vigilance_full.TestHautesPyrenees" name="test_dept_65_yellow_for_orages" time="0.000" /><testcase classname="backend.tests.test_vigilance_full.TestAndorra" name="test_andorra_present" time="0.000" /><testcase classname="backend.tests.test_vigilance_full.TestAndorra" name="test_andorra_has_phenomena" time="0.000" /><testcase classname="backend.tests.test_vigilance_full.TestInseeNuts3Mapping" name="test_known_insee_to_nuts3" time="0.053" /><testcase classname="backend.tests.test_vigilance_full.TestInseeNuts3Mapping" name="test_insee_mapping_length" time="0.000" /><testcase classname="backend.tests.test_vigilance_full.TestVigilanceRegression" name="test_original_endpoint_still_works" time="0.160" /><testcase classname="backend.tests.test_vigilance_full.TestVigilanceFullCached" name="test_second_call_fast" time="0.394" /></testsuite></testsuites>