<?xml version="1.0" encoding="utf-8"?><testsuites name="pytest tests"><testsuite name="pytest" errors="0" failures="0" skipped="0" tests="27" time="61.368" timestamp="2026-06-28T13:16:32.081127+00:00" hostname="agent-env-8c614b59-f17d-4565-b96f-9b628e0fa2c6"><testcase classname="backend.tests.test_severe_grid_cache.TestSevereGridRealData" name="test_param_h0[t2m]" time="1.587" /><testcase classname="backend.tests.test_severe_grid_cache.TestSevereGridRealData" name="test_param_h0[t850]" time="1.487" /><testcase classname="backend.tests.test_severe_grid_cache.TestSevereGridRealData" name="test_param_h0[soil_t]" time="1.491" /><testcase classname="backend.tests.test_severe_grid_cache.TestSevereGridRealData" name="test_param_h0[cape]" time="8.685" /><testcase classname="backend.tests.test_severe_grid_cache.TestSevereGridRealData" name="test_param_h0[freezing_level]" time="8.708" /><testcase classname="backend.tests.test_severe_grid_cache.TestSevereGridRealData" name="test_param_h0[jet_speed]" time="8.723" /><testcase classname="backend.tests.test_severe_grid_cache.TestSevereGridRealData" name="test_param_h0[vv700]" time="9.577" /><testcase classname="backend.tests.test_severe_grid_cache.TestSevereGridRealData" name="test_param_h0[shear_0_6km]" time="8.699" /><testcase classname="backend.tests.test_severe_grid_cache.TestSevereGridRealData" name="test_param_h0[hail_score]" time="8.704" /><testcase classname="backend.tests.test_severe_grid_cache.TestSevereGridRealData" name="test_param_h24[t2m]" time="0.042" /><testcase classname="backend.tests.test_severe_grid_cache.TestSevereGridRealData" name="test_param_h24[t850]" time="0.044" /><testcase classname="backend.tests.test_severe_grid_cache.TestSevereGridRealData" name="test_param_h24[soil_t]" time="0.042" /><testcase classname="backend.tests.test_severe_grid_cache.TestSevereGridRealData" name="test_param_h24[cape]" time="0.041" /><testcase classname="backend.tests.test_severe_grid_cache.TestSevereGridRealData" name="test_param_h24[freezing_level]" time="0.041" /><testcase classname="backend.tests.test_severe_grid_cache.TestSevereGridRealData" name="test_param_h24[jet_speed]" time="0.041" /><testcase classname="backend.tests.test_severe_grid_cache.TestSevereGridRealData" name="test_param_h24[vv700]" time="0.041" /><testcase classname="backend.tests.test_severe_grid_cache.TestSevereGridRealData" name="test_param_h24[shear_0_6km]" time="0.042" /><testcase classname="backend.tests.test_severe_grid_cache.TestSevereGridRealData" name="test_param_h24[hail_score]" time="0.043" /><testcase classname="backend.tests.test_severe_grid_cache.TestSevereGridCacheEfficiency" name="test_cache_hit_under_200ms_t850" time="0.251" /><testcase classname="backend.tests.test_severe_grid_cache.TestSevereGridCacheEfficiency" name="test_cache_hit_under_200ms_cape" time="0.222" /><testcase classname="backend.tests.test_severe_grid_cache.TestSevereGridExtremeHours" name="test_t850_h47" time="0.041" /><testcase classname="backend.tests.test_severe_grid_cache.TestSevereGridExtremeHours" name="test_hail_score_h12" time="0.040" /><testcase classname="backend.tests.test_severe_grid_cache.TestProfile" name="test_profile_hours[0]" time="0.543" /><testcase classname="backend.tests.test_severe_grid_cache.TestProfile" name="test_profile_hours[12]" time="0.541" /><testcase classname="backend.tests.test_severe_grid_cache.TestProfile" name="test_profile_hours[24]" time="0.541" /><testcase classname="backend.tests.test_severe_grid_cache.TestProfile" name="test_profile_hours[36]" time="0.541" /><testcase classname="backend.tests.test_severe_grid_cache.TestProfile" name="test_profile_hours[47]" time="0.540" /></testsuite></testsuites>